<?xml version="1.0" encoding="UTF-8"?>
<!-- Generated by org.testng.reporters.JUnitXMLReporter -->
<testsuite ignored="0" hostname="sky-aeldiddy" failures="0" tests="4" name="Trail" time="98.468" errors="0" timestamp="2023-01-25T10:56:10 EET">
  <testcase classname="tests.Registertest" name="userregistertest" time="1.799"/>
  <testcase classname="tests.Searchtest" name="usersearchtest" time="3.993"/>
  <testcase classname="tests.Search2test" name="usersearch2" time="6.137"/>
  <testcase classname="tests.Logintest" name="userlogintest" time="1.696"/>
</testsuite> <!-- Trail -->
