<?xml version="1.0" encoding="UTF-8"?>
<!-- Generated by org.testng.reporters.JUnitXMLReporter -->
<testsuite ignored="0" hostname="sky-aeldiddy" failures="0" tests="5" name="Trail" time="28.965" errors="0" timestamp="2023-06-16T07:17:58 AST">
  <testcase classname="tests.Searchtest" name="usersearchtest" time="1.449"/>
  <testcase classname="tests.Search2test" name="usersearch2" time="4.034"/>
  <testcase classname="tests.Addtocarttest" name="useraddcarttest" time="5.115"/>
  <testcase classname="tests.Contacttest" name="usertestcon" time="1.379"/>
  <testcase classname="tests.Hovertest" name="userhovertest" time="0.923"/>
</testsuite> <!-- Trail -->
