<?xml version="1.0" encoding="UTF-8"?>
<testng-results ignored="0" total="1" passed="1" failed="0" skipped="0">
  <reporter-output>
  </reporter-output>
  <suite started-at="2023-06-15T00:19:38 AST" name="Default suite" finished-at="2023-06-15T00:19:45 AST" duration-ms="7140">
    <groups>
    </groups>
    <test started-at="2023-06-15T00:19:38 AST" name="Default test" finished-at="2023-06-15T00:19:45 AST" duration-ms="7140">
      <class name="tests.Addtocarttest">
        <test-method is-config="true" signature="openurl(java.lang.String)[pri:0, instance:tests.Addtocarttest@3a7442c7]" started-at="2023-06-15T00:19:38 AST" name="openurl" finished-at="2023-06-15T00:19:41 AST" duration-ms="3003" status="PASS">
          <params>
            <param index="0">
              <value>
                <![CDATA[chrome]]>
              </value>
            </param>
          </params>
          <reporter-output>
          </reporter-output>
        </test-method> <!-- openurl -->
        <test-method signature="useraddcarttest()[pri:0, instance:tests.Addtocarttest@3a7442c7]" started-at="2023-06-15T00:19:41 AST" name="useraddcarttest" finished-at="2023-06-15T00:19:45 AST" duration-ms="3999" status="PASS">
          <reporter-output>
          </reporter-output>
        </test-method> <!-- useraddcarttest -->
        <test-method is-config="true" signature="usertakescreen(org.testng.ITestResult)[pri:0, instance:tests.Addtocarttest@3a7442c7]" started-at="2023-06-15T00:19:45 AST" name="usertakescreen" finished-at="2023-06-15T00:19:45 AST" duration-ms="0" status="PASS">
          <params>
            <param index="0">
              <value>
                <![CDATA[[TestResult name=useraddcarttest status=SUCCESS method=Addtocarttest.useraddcarttest()[pri:0, instance:tests.Addtocarttest@3a7442c7] output={null}]]]>
              </value>
            </param>
          </params>
          <reporter-output>
          </reporter-output>
        </test-method> <!-- usertakescreen -->
        <test-method is-config="true" signature="usercloseurl()[pri:0, instance:tests.Addtocarttest@3a7442c7]" started-at="2023-06-15T00:19:45 AST" name="usercloseurl" finished-at="2023-06-15T00:19:45 AST" duration-ms="94" status="PASS">
          <reporter-output>
          </reporter-output>
        </test-method> <!-- usercloseurl -->
      </class> <!-- tests.Addtocarttest -->
    </test> <!-- Default test -->
  </suite> <!-- Default suite -->
</testng-results>
